00-00-20000 [ ] 9360 INFO  o.h.validator.internal.util.Version.<clinit>: HV000001: Hibernate Validator 6.2.5.Final
00-00-20000 [ ] 9360 INFO  c.j.elastic.EventServiceApplication.logStarting: Starting EventServiceApplication using Java 17.0.4.1 on EPBYMINW0CA2 with PID 9360 (C:\Users\Yahor_Shytsikau\Projects\java-mentoring-program\m5-elk-stack\build\classes\java\main started by Yahor_Shytsikau in C:\Users\Yahor_Shytsikau\Projects\java-mentoring-program)
00-00-10000 [ ] 9360 DEBUG c.j.elastic.EventServiceApplication.logStarting: Running with Spring Boot v2.7.5, Spring v5.3.23
00-00-20000 [ ] 9360 INFO  c.j.elastic.EventServiceApplication.logStartupProfileInfo: The following 1 profile is active: "rest"
00-00-20000 [ ] 9360 INFO  o.s.b.w.e.tomcat.TomcatWebServer.initialize: Tomcat initialized with port(s): 8086 (http)
00-00-20000 [ ] 9360 INFO  o.a.coyote.http11.Http11NioProtocol.log: Initializing ProtocolHandler ["http-nio-8086"]
00-00-20000 [ ] 9360 INFO  o.a.catalina.core.StandardService.log: Starting service [Tomcat]
00-00-20000 [ ] 9360 INFO  o.a.catalina.core.StandardEngine.log: Starting Servlet engine: [Apache Tomcat/9.0.68]
00-00-20000 [ ] 9360 INFO  o.a.c.c.C.[Tomcat].[localhost].[/].log: Initializing Spring embedded WebApplicationContext
00-00-20000 [ ] 9360 INFO  o.s.b.w.s.c.ServletWebServerApplicationContext.prepareWebApplicationContext: Root WebApplicationContext: initialization completed in 1338 ms
00-00-20000 [ ] 9360 INFO  o.a.coyote.http11.Http11NioProtocol.log: Starting ProtocolHandler ["http-nio-8086"]
00-00-20000 [ ] 9360 INFO  o.s.b.w.e.tomcat.TomcatWebServer.start: Tomcat started on port(s): 8086 (http) with context path ''
00-00-20000 [ ] 9360 INFO  c.j.elastic.EventServiceApplication.logStarted: Started EventServiceApplication in 2.971 seconds (JVM running for 3.819)
00-00-20000 [ ] 9360 INFO  o.a.c.c.C.[Tomcat].[localhost].[/].log: Initializing Spring DispatcherServlet 'dispatcherServlet'
00-00-20000 [ ] 9360 INFO  o.s.web.servlet.DispatcherServlet.initServletBean: Initializing Servlet 'dispatcherServlet'
00-00-20000 [ ] 9360 INFO  o.s.web.servlet.DispatcherServlet.initServletBean: Completed initialization in 0 ms
00-00-40000 [c130332d-e828-40b0-9f01-ed910e8b4998 app_name=event-service app_version=1.0.0 path=http://localhost:8086/api/v1/events/35172263-8b58-43fa-aab5-a12c3e6f60bd] 9360 ERROR c.j.e.c.i.ElasticRestJavaApiClient.getEvent: Error in time of retrieving event with id 35172263-8b58-43fa-aab5-a12c3e6f60bd
java.net.ConnectException: Connection refused: no further information
	at org.elasticsearch.client.RestClient.extractAndWrapCause(RestClient.java:932)
	at org.elasticsearch.client.RestClient.performRequest(RestClient.java:300)
	at org.elasticsearch.client.RestClient.performRequest(RestClient.java:288)
	at com.jmp.elastic.client.impl.ElasticRestJavaApiClient.getEvent(ElasticRestJavaApiClient.java:85)
	at com.jmp.elastic.service.EventService.getEvent(EventService.java:33)
	at com.jmp.elastic.controller.EventController.getEvent(EventController.java:47)
	at com.jmp.elastic.controller.EventController$$FastClassBySpringCGLIB$$88fe612b.invoke(<generated>)
	at org.springframework.cglib.proxy.MethodProxy.invoke(MethodProxy.java:218)
	at org.springframework.aop.framework.CglibAopProxy$CglibMethodInvocation.invokeJoinpoint(CglibAopProxy.java:793)
	at org.springframework.aop.framework.ReflectiveMethodInvocation.proceed(ReflectiveMethodInvocation.java:163)
	at org.springframework.aop.framework.CglibAopProxy$CglibMethodInvocation.proceed(CglibAopProxy.java:763)
	at org.springframework.validation.beanvalidation.MethodValidationInterceptor.invoke(MethodValidationInterceptor.java:123)
	at org.springframework.aop.framework.ReflectiveMethodInvocation.proceed(ReflectiveMethodInvocation.java:186)
	at org.springframework.aop.framework.CglibAopProxy$CglibMethodInvocation.proceed(CglibAopProxy.java:763)
	at org.springframework.aop.framework.CglibAopProxy$DynamicAdvisedInterceptor.intercept(CglibAopProxy.java:708)
	at com.jmp.elastic.controller.EventController$$EnhancerBySpringCGLIB$$8fd99271.getEvent(<generated>)
	at java.base/jdk.internal.reflect.NativeMethodAccessorImpl.invoke0(Native Method)
	at java.base/jdk.internal.reflect.NativeMethodAccessorImpl.invoke(NativeMethodAccessorImpl.java:77)
	at java.base/jdk.internal.reflect.DelegatingMethodAccessorImpl.invoke(DelegatingMethodAccessorImpl.java:43)
	at java.base/java.lang.reflect.Method.invoke(Method.java:568)
	at org.springframework.web.method.support.InvocableHandlerMethod.doInvoke(InvocableHandlerMethod.java:205)
	at org.springframework.web.method.support.InvocableHandlerMethod.invokeForRequest(InvocableHandlerMethod.java:150)
	at org.springframework.web.servlet.mvc.method.annotation.ServletInvocableHandlerMethod.invokeAndHandle(ServletInvocableHandlerMethod.java:117)
	at org.springframework.web.servlet.mvc.method.annotation.RequestMappingHandlerAdapter.invokeHandlerMethod(RequestMappingHandlerAdapter.java:895)
	at org.springframework.web.servlet.mvc.method.annotation.RequestMappingHandlerAdapter.handleInternal(RequestMappingHandlerAdapter.java:808)
	at org.springframework.web.servlet.mvc.method.AbstractHandlerMethodAdapter.handle(AbstractHandlerMethodAdapter.java:87)
	at org.springframework.web.servlet.DispatcherServlet.doDispatch(DispatcherServlet.java:1071)
	at org.springframework.web.servlet.DispatcherServlet.doService(DispatcherServlet.java:964)
	at org.springframework.web.servlet.FrameworkServlet.processRequest(FrameworkServlet.java:1006)
	at org.springframework.web.servlet.FrameworkServlet.doGet(FrameworkServlet.java:898)
	at javax.servlet.http.HttpServlet.service(HttpServlet.java:670)
	at org.springframework.web.servlet.FrameworkServlet.service(FrameworkServlet.java:883)
	at javax.servlet.http.HttpServlet.service(HttpServlet.java:779)
	at org.apache.catalina.core.ApplicationFilterChain.internalDoFilter(ApplicationFilterChain.java:227)
	at org.apache.catalina.core.ApplicationFilterChain.doFilter(ApplicationFilterChain.java:162)
	at org.apache.tomcat.websocket.server.WsFilter.doFilter(WsFilter.java:53)
	at org.apache.catalina.core.ApplicationFilterChain.internalDoFilter(ApplicationFilterChain.java:189)
	at org.apache.catalina.core.ApplicationFilterChain.doFilter(ApplicationFilterChain.java:162)
	at ch.qos.logback.classic.helpers.MDCInsertingServletFilter.doFilter(MDCInsertingServletFilter.java:49)
	at com.jmp.elastic.filter.AppMDCServletFilter.doFilter(AppMDCServletFilter.java:35)
	at org.apache.catalina.core.ApplicationFilterChain.internalDoFilter(ApplicationFilterChain.java:189)
	at org.apache.catalina.core.ApplicationFilterChain.doFilter(ApplicationFilterChain.java:162)
	at org.springframework.web.filter.RequestContextFilter.doFilterInternal(RequestContextFilter.java:100)
	at org.springframework.web.filter.OncePerRequestFilter.doFilter(OncePerRequestFilter.java:117)
	at org.apache.catalina.core.ApplicationFilterChain.internalDoFilter(ApplicationFilterChain.java:189)
	at org.apache.catalina.core.ApplicationFilterChain.doFilter(ApplicationFilterChain.java:162)
	at org.springframework.web.filter.FormContentFilter.doFilterInternal(FormContentFilter.java:93)
	at org.springframework.web.filter.OncePerRequestFilter.doFilter(OncePerRequestFilter.java:117)
	at org.apache.catalina.core.ApplicationFilterChain.internalDoFilter(ApplicationFilterChain.java:189)
	at org.apache.catalina.core.ApplicationFilterChain.doFilter(ApplicationFilterChain.java:162)
	at org.springframework.web.filter.CharacterEncodingFilter.doFilterInternal(CharacterEncodingFilter.java:201)
	at org.springframework.web.filter.OncePerRequestFilter.doFilter(OncePerRequestFilter.java:117)
	at org.apache.catalina.core.ApplicationFilterChain.internalDoFilter(ApplicationFilterChain.java:189)
	at org.apache.catalina.core.ApplicationFilterChain.doFilter(ApplicationFilterChain.java:162)
	at org.apache.catalina.core.StandardWrapperValve.invoke(StandardWrapperValve.java:197)
	at org.apache.catalina.core.StandardContextValve.invoke(StandardContextValve.java:97)
	at org.apache.catalina.authenticator.AuthenticatorBase.invoke(AuthenticatorBase.java:541)
	at org.apache.catalina.core.StandardHostValve.invoke(StandardHostValve.java:135)
	at org.apache.catalina.valves.ErrorReportValve.invoke(ErrorReportValve.java:92)
	at org.apache.catalina.core.StandardEngineValve.invoke(StandardEngineValve.java:78)
	at org.apache.catalina.connector.CoyoteAdapter.service(CoyoteAdapter.java:360)
	at org.apache.coyote.http11.Http11Processor.service(Http11Processor.java:399)
	at org.apache.coyote.AbstractProcessorLight.process(AbstractProcessorLight.java:65)
	at org.apache.coyote.AbstractProtocol$ConnectionHandler.process(AbstractProtocol.java:893)
	at org.apache.tomcat.util.net.NioEndpoint$SocketProcessor.doRun(NioEndpoint.java:1789)
	at org.apache.tomcat.util.net.SocketProcessorBase.run(SocketProcessorBase.java:49)
	at org.apache.tomcat.util.threads.ThreadPoolExecutor.runWorker(ThreadPoolExecutor.java:1191)
	at org.apache.tomcat.util.threads.ThreadPoolExecutor$Worker.run(ThreadPoolExecutor.java:659)
	at org.apache.tomcat.util.threads.TaskThread$WrappingRunnable.run(TaskThread.java:61)
	at java.base/java.lang.Thread.run(Thread.java:833)
Caused by: java.net.ConnectException: Connection refused: no further information
	at java.base/sun.nio.ch.Net.pollConnect(Native Method)
	at java.base/sun.nio.ch.Net.pollConnectNow(Net.java:672)
	at java.base/sun.nio.ch.SocketChannelImpl.finishConnect(SocketChannelImpl.java:946)
	at org.apache.http.impl.nio.reactor.DefaultConnectingIOReactor.processEvent(DefaultConnectingIOReactor.java:174)
	at org.apache.http.impl.nio.reactor.DefaultConnectingIOReactor.processEvents(DefaultConnectingIOReactor.java:148)
	at org.apache.http.impl.nio.reactor.AbstractMultiworkerIOReactor.execute(AbstractMultiworkerIOReactor.java:351)
	at org.apache.http.impl.nio.conn.PoolingNHttpClientConnectionManager.execute(PoolingNHttpClientConnectionManager.java:221)
	at org.apache.http.impl.nio.client.CloseableHttpAsyncClientBase$1.run(CloseableHttpAsyncClientBase.java:64)
	... 1 common frames omitted
00-00-40000 [53ec6503-1737-43c1-b096-69f9527dc0fa app_name=event-service app_version=1.0.0 path=http://localhost:8086/api/v1/events/35172263-8b58-43fa-aab5-a12c3e6f60bd] 9360 ERROR c.j.e.c.i.ElasticRestJavaApiClient.getEvent: Error in time of retrieving event with id 35172263-8b58-43fa-aab5-a12c3e6f60bd
org.apache.http.ConnectionClosedException: Connection is closed
	at org.elasticsearch.client.RestClient.extractAndWrapCause(RestClient.java:922)
	at org.elasticsearch.client.RestClient.performRequest(RestClient.java:300)
	at org.elasticsearch.client.RestClient.performRequest(RestClient.java:288)
	at com.jmp.elastic.client.impl.ElasticRestJavaApiClient.getEvent(ElasticRestJavaApiClient.java:85)
	at com.jmp.elastic.service.EventService.getEvent(EventService.java:33)
	at com.jmp.elastic.controller.EventController.getEvent(EventController.java:47)
	at com.jmp.elastic.controller.EventController$$FastClassBySpringCGLIB$$88fe612b.invoke(<generated>)
	at org.springframework.cglib.proxy.MethodProxy.invoke(MethodProxy.java:218)
	at org.springframework.aop.framework.CglibAopProxy$CglibMethodInvocation.invokeJoinpoint(CglibAopProxy.java:793)
	at org.springframework.aop.framework.ReflectiveMethodInvocation.proceed(ReflectiveMethodInvocation.java:163)
	at org.springframework.aop.framework.CglibAopProxy$CglibMethodInvocation.proceed(CglibAopProxy.java:763)
	at org.springframework.validation.beanvalidation.MethodValidationInterceptor.invoke(MethodValidationInterceptor.java:123)
	at org.springframework.aop.framework.ReflectiveMethodInvocation.proceed(ReflectiveMethodInvocation.java:186)
	at org.springframework.aop.framework.CglibAopProxy$CglibMethodInvocation.proceed(CglibAopProxy.java:763)
	at org.springframework.aop.framework.CglibAopProxy$DynamicAdvisedInterceptor.intercept(CglibAopProxy.java:708)
	at com.jmp.elastic.controller.EventController$$EnhancerBySpringCGLIB$$8fd99271.getEvent(<generated>)
	at java.base/jdk.internal.reflect.NativeMethodAccessorImpl.invoke0(Native Method)
	at java.base/jdk.internal.reflect.NativeMethodAccessorImpl.invoke(NativeMethodAccessorImpl.java:77)
	at java.base/jdk.internal.reflect.DelegatingMethodAccessorImpl.invoke(DelegatingMethodAccessorImpl.java:43)
	at java.base/java.lang.reflect.Method.invoke(Method.java:568)
	at org.springframework.web.method.support.InvocableHandlerMethod.doInvoke(InvocableHandlerMethod.java:205)
	at org.springframework.web.method.support.InvocableHandlerMethod.invokeForRequest(InvocableHandlerMethod.java:150)
	at org.springframework.web.servlet.mvc.method.annotation.ServletInvocableHandlerMethod.invokeAndHandle(ServletInvocableHandlerMethod.java:117)
	at org.springframework.web.servlet.mvc.method.annotation.RequestMappingHandlerAdapter.invokeHandlerMethod(RequestMappingHandlerAdapter.java:895)
	at org.springframework.web.servlet.mvc.method.annotation.RequestMappingHandlerAdapter.handleInternal(RequestMappingHandlerAdapter.java:808)
	at org.springframework.web.servlet.mvc.method.AbstractHandlerMethodAdapter.handle(AbstractHandlerMethodAdapter.java:87)
	at org.springframework.web.servlet.DispatcherServlet.doDispatch(DispatcherServlet.java:1071)
	at org.springframework.web.servlet.DispatcherServlet.doService(DispatcherServlet.java:964)
	at org.springframework.web.servlet.FrameworkServlet.processRequest(FrameworkServlet.java:1006)
	at org.springframework.web.servlet.FrameworkServlet.doGet(FrameworkServlet.java:898)
	at javax.servlet.http.HttpServlet.service(HttpServlet.java:670)
	at org.springframework.web.servlet.FrameworkServlet.service(FrameworkServlet.java:883)
	at javax.servlet.http.HttpServlet.service(HttpServlet.java:779)
	at org.apache.catalina.core.ApplicationFilterChain.internalDoFilter(ApplicationFilterChain.java:227)
	at org.apache.catalina.core.ApplicationFilterChain.doFilter(ApplicationFilterChain.java:162)
	at org.apache.tomcat.websocket.server.WsFilter.doFilter(WsFilter.java:53)
	at org.apache.catalina.core.ApplicationFilterChain.internalDoFilter(ApplicationFilterChain.java:189)
	at org.apache.catalina.core.ApplicationFilterChain.doFilter(ApplicationFilterChain.java:162)
	at ch.qos.logback.classic.helpers.MDCInsertingServletFilter.doFilter(MDCInsertingServletFilter.java:49)
	at com.jmp.elastic.filter.AppMDCServletFilter.doFilter(AppMDCServletFilter.java:35)
	at org.apache.catalina.core.ApplicationFilterChain.internalDoFilter(ApplicationFilterChain.java:189)
	at org.apache.catalina.core.ApplicationFilterChain.doFilter(ApplicationFilterChain.java:162)
	at org.springframework.web.filter.RequestContextFilter.doFilterInternal(RequestContextFilter.java:100)
	at org.springframework.web.filter.OncePerRequestFilter.doFilter(OncePerRequestFilter.java:117)
	at org.apache.catalina.core.ApplicationFilterChain.internalDoFilter(ApplicationFilterChain.java:189)
	at org.apache.catalina.core.ApplicationFilterChain.doFilter(ApplicationFilterChain.java:162)
	at org.springframework.web.filter.FormContentFilter.doFilterInternal(FormContentFilter.java:93)
	at org.springframework.web.filter.OncePerRequestFilter.doFilter(OncePerRequestFilter.java:117)
	at org.apache.catalina.core.ApplicationFilterChain.internalDoFilter(ApplicationFilterChain.java:189)
	at org.apache.catalina.core.ApplicationFilterChain.doFilter(ApplicationFilterChain.java:162)
	at org.springframework.web.filter.CharacterEncodingFilter.doFilterInternal(CharacterEncodingFilter.java:201)
	at org.springframework.web.filter.OncePerRequestFilter.doFilter(OncePerRequestFilter.java:117)
	at org.apache.catalina.core.ApplicationFilterChain.internalDoFilter(ApplicationFilterChain.java:189)
	at org.apache.catalina.core.ApplicationFilterChain.doFilter(ApplicationFilterChain.java:162)
	at org.apache.catalina.core.StandardWrapperValve.invoke(StandardWrapperValve.java:197)
	at org.apache.catalina.core.StandardContextValve.invoke(StandardContextValve.java:97)
	at org.apache.catalina.authenticator.AuthenticatorBase.invoke(AuthenticatorBase.java:541)
	at org.apache.catalina.core.StandardHostValve.invoke(StandardHostValve.java:135)
	at org.apache.catalina.valves.ErrorReportValve.invoke(ErrorReportValve.java:92)
	at org.apache.catalina.core.StandardEngineValve.invoke(StandardEngineValve.java:78)
	at org.apache.catalina.connector.CoyoteAdapter.service(CoyoteAdapter.java:360)
	at org.apache.coyote.http11.Http11Processor.service(Http11Processor.java:399)
	at org.apache.coyote.AbstractProcessorLight.process(AbstractProcessorLight.java:65)
	at org.apache.coyote.AbstractProtocol$ConnectionHandler.process(AbstractProtocol.java:893)
	at org.apache.tomcat.util.net.NioEndpoint$SocketProcessor.doRun(NioEndpoint.java:1789)
	at org.apache.tomcat.util.net.SocketProcessorBase.run(SocketProcessorBase.java:49)
	at org.apache.tomcat.util.threads.ThreadPoolExecutor.runWorker(ThreadPoolExecutor.java:1191)
	at org.apache.tomcat.util.threads.ThreadPoolExecutor$Worker.run(ThreadPoolExecutor.java:659)
	at org.apache.tomcat.util.threads.TaskThread$WrappingRunnable.run(TaskThread.java:61)
	at java.base/java.lang.Thread.run(Thread.java:833)
Caused by: org.apache.http.ConnectionClosedException: Connection is closed
	at org.apache.http.nio.protocol.HttpAsyncRequestExecutor.endOfInput(HttpAsyncRequestExecutor.java:356)
	at org.apache.http.impl.nio.DefaultNHttpClientConnection.consumeInput(DefaultNHttpClientConnection.java:261)
	at org.apache.http.impl.nio.client.InternalIODispatch.onInputReady(InternalIODispatch.java:87)
	at org.apache.http.impl.nio.client.InternalIODispatch.onInputReady(InternalIODispatch.java:40)
	at org.apache.http.impl.nio.reactor.AbstractIODispatch.inputReady(AbstractIODispatch.java:114)
	at org.apache.http.impl.nio.reactor.BaseIOReactor.readable(BaseIOReactor.java:162)
	at org.apache.http.impl.nio.reactor.AbstractIOReactor.processEvent(AbstractIOReactor.java:337)
	at org.apache.http.impl.nio.reactor.AbstractIOReactor.processEvents(AbstractIOReactor.java:315)
	at org.apache.http.impl.nio.reactor.AbstractIOReactor.execute(AbstractIOReactor.java:276)
	at org.apache.http.impl.nio.reactor.BaseIOReactor.execute(BaseIOReactor.java:104)
	at org.apache.http.impl.nio.reactor.AbstractMultiworkerIOReactor$Worker.run(AbstractMultiworkerIOReactor.java:591)
	... 1 common frames omitted
00-00-40000 [6acf1c53-31fe-4ffb-a758-9ed4f48b6bbc app_name=event-service app_version=1.0.0 path=http://localhost:8086/api/v1/events/35172263-8b58-43fa-aab5-a12c3e6f60bd] 9360 ERROR com.jmp.elastic.service.EventService.lambda$getEvent$0: Event with id 35172263-8b58-43fa-aab5-a12c3e6f60bd not found
00-00-20000 [9d15ec92-a4c4-4e13-b16e-afea4ab8b4be app_name=event-service app_version=1.0.0 path=http://localhost:8086/api/v1/events] 9360 INFO  c.j.e.c.i.ElasticRestJavaApiClient.createEvent: Event Event(id=2323a17b-e7c2-4482-b7e1-20592ee1380f, title=From middle to senior, eventType=tech-talk, eventDate=2023-01-22T16:00:00Z, place=EPAM k3, description=How to grow to senior, subTopics=[teamwork, hard-skills, soft-skills]) is indexed
00-00-20000 [ ] 2236 INFO  c.j.elastic.EventServiceApplication.logStarting: Starting EventServiceApplication using Java 17.0.4.1 on EPBYMINW0CA2 with PID 2236 (C:\Users\Yahor_Shytsikau\Projects\java-mentoring-program\m5-elk-stack\build\classes\java\main started by Yahor_Shytsikau in C:\Users\Yahor_Shytsikau\Projects\java-mentoring-program)
00-00-20000 [ ] 2236 INFO  o.h.validator.internal.util.Version.<clinit>: HV000001: Hibernate Validator 6.2.5.Final
00-00-10000 [ ] 2236 DEBUG c.j.elastic.EventServiceApplication.logStarting: Running with Spring Boot v2.7.5, Spring v5.3.23
00-00-20000 [ ] 2236 INFO  c.j.elastic.EventServiceApplication.logStartupProfileInfo: The following 1 profile is active: "rest"
00-00-20000 [ ] 2236 INFO  o.s.b.w.e.tomcat.TomcatWebServer.initialize: Tomcat initialized with port(s): 8086 (http)
00-00-20000 [ ] 2236 INFO  o.a.coyote.http11.Http11NioProtocol.log: Initializing ProtocolHandler ["http-nio-8086"]
00-00-20000 [ ] 2236 INFO  o.a.catalina.core.StandardService.log: Starting service [Tomcat]
00-00-20000 [ ] 2236 INFO  o.a.catalina.core.StandardEngine.log: Starting Servlet engine: [Apache Tomcat/9.0.68]
00-00-20000 [ ] 2236 INFO  o.a.c.c.C.[Tomcat].[localhost].[/].log: Initializing Spring embedded WebApplicationContext
00-00-20000 [ ] 2236 INFO  o.s.b.w.s.c.ServletWebServerApplicationContext.prepareWebApplicationContext: Root WebApplicationContext: initialization completed in 1623 ms
00-00-20000 [ ] 2236 INFO  o.a.coyote.http11.Http11NioProtocol.log: Starting ProtocolHandler ["http-nio-8086"]
00-00-20000 [ ] 2236 INFO  o.s.b.w.e.tomcat.TomcatWebServer.start: Tomcat started on port(s): 8086 (http) with context path ''
00-00-20000 [ ] 2236 INFO  c.j.elastic.EventServiceApplication.logStarted: Started EventServiceApplication in 3.532 seconds (JVM running for 4.516)
00-00-20000 [ ] 2236 INFO  o.a.c.c.C.[Tomcat].[localhost].[/].log: Initializing Spring DispatcherServlet 'dispatcherServlet'
00-00-20000 [ ] 2236 INFO  o.s.web.servlet.DispatcherServlet.initServletBean: Initializing Servlet 'dispatcherServlet'
00-00-20000 [ ] 2236 INFO  o.s.web.servlet.DispatcherServlet.initServletBean: Completed initialization in 1 ms
00-00-40000 [39d87c00-5c15-4d5a-bf36-98737a3092c1 app_name=event-service app_version=1.0.0 path=http://localhost:8086/api/v1/events/35172263-8b58-43fa-aab5-a12c3e6f60bd] 2236 ERROR com.jmp.elastic.service.EventService.lambda$getEvent$0: Event with id 35172263-8b58-43fa-aab5-a12c3e6f60bd not found
00-00-40000 [01cef988-7a7d-44de-aa48-56ad44de53f5 app_name=event-service app_version=1.0.0 path=http://localhost:8086/api/v1/events/35172263-8b58-43fa-aab5-a12c3e6f60bd] 2236 ERROR com.jmp.elastic.service.EventService.lambda$getEvent$0: Event with id 35172263-8b58-43fa-aab5-a12c3e6f60bd not found
00-00-20000 [ ] 25168 INFO  o.h.validator.internal.util.Version.<clinit>: HV000001: Hibernate Validator 6.2.5.Final
00-00-20000 [ ] 25168 INFO  c.j.elastic.EventServiceApplication.logStarting: Starting EventServiceApplication using Java 17.0.4.1 on EPBYMINW0CA2 with PID 25168 (C:\Users\Yahor_Shytsikau\Projects\java-mentoring-program\m5-elk-stack\build\classes\java\main started by Yahor_Shytsikau in C:\Users\Yahor_Shytsikau\Projects\java-mentoring-program)
00-00-10000 [ ] 25168 DEBUG c.j.elastic.EventServiceApplication.logStarting: Running with Spring Boot v2.7.5, Spring v5.3.23
00-00-20000 [ ] 25168 INFO  c.j.elastic.EventServiceApplication.logStartupProfileInfo: The following 1 profile is active: "rest"
00-00-20000 [ ] 25168 INFO  o.s.b.w.e.tomcat.TomcatWebServer.initialize: Tomcat initialized with port(s): 8086 (http)
00-00-20000 [ ] 25168 INFO  o.a.coyote.http11.Http11NioProtocol.log: Initializing ProtocolHandler ["http-nio-8086"]
00-00-20000 [ ] 25168 INFO  o.a.catalina.core.StandardService.log: Starting service [Tomcat]
00-00-20000 [ ] 25168 INFO  o.a.catalina.core.StandardEngine.log: Starting Servlet engine: [Apache Tomcat/9.0.68]
00-00-20000 [ ] 25168 INFO  o.a.c.c.C.[Tomcat].[localhost].[/].log: Initializing Spring embedded WebApplicationContext
00-00-20000 [ ] 25168 INFO  o.s.b.w.s.c.ServletWebServerApplicationContext.prepareWebApplicationContext: Root WebApplicationContext: initialization completed in 1842 ms
00-00-20000 [ ] 25168 INFO  o.a.coyote.http11.Http11NioProtocol.log: Starting ProtocolHandler ["http-nio-8086"]
00-00-20000 [ ] 25168 INFO  o.s.b.w.e.tomcat.TomcatWebServer.start: Tomcat started on port(s): 8086 (http) with context path ''
00-00-20000 [ ] 25168 INFO  c.j.elastic.EventServiceApplication.logStarted: Started EventServiceApplication in 5.351 seconds (JVM running for 6.809)
00-00-20000 [ ] 13656 INFO  o.h.validator.internal.util.Version.<clinit>: HV000001: Hibernate Validator 6.2.5.Final
00-00-20000 [ ] 13656 INFO  c.j.elastic.EventServiceApplication.logStarting: Starting EventServiceApplication using Java 17.0.4.1 on EPBYMINW0CA2 with PID 13656 (C:\Users\Yahor_Shytsikau\Projects\java-mentoring-program\m5-elk-stack\build\classes\java\main started by Yahor_Shytsikau in C:\Users\Yahor_Shytsikau\Projects\java-mentoring-program)
00-00-10000 [ ] 13656 DEBUG c.j.elastic.EventServiceApplication.logStarting: Running with Spring Boot v2.7.5, Spring v5.3.23
00-00-20000 [ ] 13656 INFO  c.j.elastic.EventServiceApplication.logStartupProfileInfo: The following 1 profile is active: "rest"
00-00-20000 [ ] 13656 INFO  o.s.b.w.e.tomcat.TomcatWebServer.initialize: Tomcat initialized with port(s): 8086 (http)
00-00-20000 [ ] 13656 INFO  o.a.coyote.http11.Http11NioProtocol.log: Initializing ProtocolHandler ["http-nio-8086"]
00-00-20000 [ ] 13656 INFO  o.a.catalina.core.StandardService.log: Starting service [Tomcat]
00-00-20000 [ ] 13656 INFO  o.a.catalina.core.StandardEngine.log: Starting Servlet engine: [Apache Tomcat/9.0.68]
00-00-20000 [ ] 13656 INFO  o.a.c.c.C.[Tomcat].[localhost].[/].log: Initializing Spring embedded WebApplicationContext
00-00-20000 [ ] 13656 INFO  o.s.b.w.s.c.ServletWebServerApplicationContext.prepareWebApplicationContext: Root WebApplicationContext: initialization completed in 1565 ms
00-00-20000 [ ] 13656 INFO  o.a.coyote.http11.Http11NioProtocol.log: Starting ProtocolHandler ["http-nio-8086"]
00-00-20000 [ ] 13656 INFO  o.s.b.w.e.tomcat.TomcatWebServer.start: Tomcat started on port(s): 8086 (http) with context path ''
00-00-20000 [ ] 13656 INFO  c.j.elastic.EventServiceApplication.logStarted: Started EventServiceApplication in 3.549 seconds (JVM running for 4.391)
00-00-20000 [ ] 13656 INFO  o.a.c.c.C.[Tomcat].[localhost].[/].log: Initializing Spring DispatcherServlet 'dispatcherServlet'
00-00-20000 [ ] 13656 INFO  o.s.web.servlet.DispatcherServlet.initServletBean: Initializing Servlet 'dispatcherServlet'
00-00-20000 [ ] 13656 INFO  o.s.web.servlet.DispatcherServlet.initServletBean: Completed initialization in 1 ms
00-00-40000 [1195086c-3f29-4c30-9c60-3564a38f8eaf app_name=event-service app_version=1.0.0 path=http://localhost:8086/api/v1/events/35172263-8b58-43fa-aab5-a12c3e6f60bd] 13656 ERROR com.jmp.elastic.service.EventService.lambda$getEvent$0: error - Event with id 35172263-8b58-43fa-aab5-a12c3e6f60bd not found
00-00-40000 [0ca622ac-270d-473d-ae73-a6da75645c1a app_name=event-service app_version=1.0.0 path=http://localhost:8086/api/v1/events/35172263-8b58-43fa-aab5-a12c3e6f60bd] 13656 ERROR com.jmp.elastic.service.EventService.lambda$getEvent$0: error - Event with id 35172263-8b58-43fa-aab5-a12c3e6f60bd not found
00-00-40000 [42ac1236-a662-40ab-a5e9-2a91e18edfb5 app_name=event-service app_version=1.0.0 path=http://localhost:8086/api/v1/events/35172263-8b58-43fa-aab5-a12c3e6f60bd] 13656 ERROR com.jmp.elastic.service.EventService.lambda$getEvent$0: error - Event with id 35172263-8b58-43fa-aab5-a12c3e6f60bd not found
00-00-40000 [1e194203-23ad-434d-bb17-246963abfce9 app_name=event-service app_version=1.0.0 path=http://localhost:8086/api/v1/events/35172263-8b58-43fa-aab5-a12c3e6f60bd] 13656 ERROR com.jmp.elastic.service.EventService.lambda$getEvent$0: error - Event with id 35172263-8b58-43fa-aab5-a12c3e6f60bd not found
00-00-40000 [7eec1a41-243f-49e6-b85c-822f3025e829 app_name=event-service app_version=1.0.0 path=http://localhost:8086/api/v1/events/35172263-8b58-43fa-aab5-a12c3e6f60bd] 13656 ERROR com.jmp.elastic.service.EventService.lambda$getEvent$0: error - Event with id 35172263-8b58-43fa-aab5-a12c3e6f60bd not found
