00-00-20000 [ ] 23264 INFO  o.h.validator.internal.util.Version.<clinit>: HV000001: Hibernate Validator 6.2.5.Final
00-00-20000 [ ] 23264 INFO  c.j.e.c.EventControllerTests.logStarting: Starting EventControllerTests using Java 17.0.4.1 on EPBYMINW0CA2 with PID 23264 (started by Yahor_Shytsikau in C:\Users\Yahor_Shytsikau\Projects\java-mentoring-program\m5-elk-stack)
00-00-10000 [ ] 23264 DEBUG c.j.e.c.EventControllerTests.logStarting: Running with Spring Boot v2.7.5, Spring v5.3.23
00-00-20000 [ ] 23264 INFO  c.j.e.c.EventControllerTests.logStartupProfileInfo: The following 1 profile is active: "test"
00-00-20000 [ ] 23264 INFO  o.s.b.w.e.tomcat.TomcatWebServer.initialize: Tomcat initialized with port(s): 0 (http)
00-00-20000 [ ] 23264 INFO  o.a.coyote.http11.Http11NioProtocol.log: Initializing ProtocolHandler ["http-nio-auto-1"]
00-00-20000 [ ] 23264 INFO  o.a.catalina.core.StandardService.log: Starting service [Tomcat]
00-00-20000 [ ] 23264 INFO  o.a.catalina.core.StandardEngine.log: Starting Servlet engine: [Apache Tomcat/9.0.68]
00-00-20000 [ ] 23264 INFO  o.a.c.c.C.[Tomcat].[localhost].[/].log: Initializing Spring embedded WebApplicationContext
00-00-20000 [ ] 23264 INFO  o.s.b.w.s.c.ServletWebServerApplicationContext.prepareWebApplicationContext: Root WebApplicationContext: initialization completed in 2181 ms
00-00-20000 [ ] 23264 INFO  o.a.c.c.C.[Tomcat].[localhost].[/].log: Initializing Spring TestDispatcherServlet ''
00-00-20000 [ ] 23264 INFO  o.s.t.w.s.TestDispatcherServlet.initServletBean: Initializing Servlet ''
00-00-20000 [ ] 23264 INFO  o.s.t.w.s.TestDispatcherServlet.initServletBean: Completed initialization in 1 ms
00-00-20000 [ ] 23264 INFO  o.a.coyote.http11.Http11NioProtocol.log: Starting ProtocolHandler ["http-nio-auto-1"]
00-00-20000 [ ] 23264 INFO  o.s.b.w.e.tomcat.TomcatWebServer.start: Tomcat started on port(s): 54526 (http) with context path ''
00-00-20000 [ ] 23264 INFO  c.j.e.c.EventControllerTests.logStarted: Started EventControllerTests in 5.351 seconds (JVM running for 11.325)
00-00-40000 [a7989b1b-8770-4020-8b3f-bf1af0800c62 app_name=event-service app_version=1.0.0 path=http://localhost/api/v1/events/f1b7a2e8-f96b-4eb3-9007-c726b820b98d] 23264 ERROR com.jmp.elastic.service.EventService.checkIfEventExists: Event with id f1b7a2e8-f96b-4eb3-9007-c726b820b98d not found
00-00-40000 [28033645-8102-472f-8079-700915f91a6c app_name=event-service app_version=1.0.0 path=http://localhost/api/v1/events/f1b7a2e8-f96b-4eb3-9007-c726b820b98d] 23264 ERROR com.jmp.elastic.service.EventService.lambda$getEvent$0: error - Event with id f1b7a2e8-f96b-4eb3-9007-c726b820b98d not found
00-00-20000 [ ] 23264 INFO  o.s.b.t.c.SpringBootTestContextBootstrapper.buildDefaultMergedContextConfiguration: Neither @ContextConfiguration nor @ContextHierarchy found for test class [com.jmp.elastic.controller.IndexControllerTests], using SpringBootContextLoader
00-00-20000 [ ] 23264 INFO  o.s.t.c.s.AbstractContextLoader.generateDefaultLocations: Could not detect default resource locations for test class [com.jmp.elastic.controller.IndexControllerTests]: no resource found for suffixes {-context.xml, Context.groovy}.
00-00-20000 [ ] 23264 INFO  o.s.t.c.s.AnnotationConfigContextLoaderUtils.detectDefaultConfigurationClasses: Could not detect default configuration classes for test class [com.jmp.elastic.controller.IndexControllerTests]: IndexControllerTests does not declare any static, non-private, non-final, nested classes annotated with @Configuration.
00-00-20000 [ ] 23264 INFO  o.s.b.t.c.SpringBootTestContextBootstrapper.getOrFindConfigurationClasses: Found @SpringBootConfiguration com.jmp.elastic.EventServiceApplication for test class com.jmp.elastic.controller.IndexControllerTests
00-00-20000 [ ] 23264 INFO  o.s.b.t.c.SpringBootTestContextBootstrapper.getDefaultTestExecutionListenerClassNames: Loaded default TestExecutionListener class names from location [META-INF/spring.factories]: [org.springframework.boot.test.autoconfigure.restdocs.RestDocsTestExecutionListener, org.springframework.boot.test.autoconfigure.web.client.MockRestServiceServerResetTestExecutionListener, org.springframework.boot.test.autoconfigure.web.servlet.MockMvcPrintOnlyOnFailureTestExecutionListener, org.springframework.boot.test.autoconfigure.web.servlet.WebDriverTestExecutionListener, org.springframework.boot.test.autoconfigure.webservices.client.MockWebServiceServerTestExecutionListener, org.springframework.boot.test.mock.mockito.MockitoTestExecutionListener, org.springframework.boot.test.mock.mockito.ResetMocksTestExecutionListener, org.springframework.test.context.web.ServletTestExecutionListener, org.springframework.test.context.support.DirtiesContextBeforeModesTestExecutionListener, org.springframework.test.context.event.ApplicationEventsTestExecutionListener, org.springframework.test.context.support.DependencyInjectionTestExecutionListener, org.springframework.test.context.support.DirtiesContextTestExecutionListener, org.springframework.test.context.transaction.TransactionalTestExecutionListener, org.springframework.test.context.jdbc.SqlScriptsTestExecutionListener, org.springframework.test.context.event.EventPublishingTestExecutionListener]
00-00-20000 [ ] 23264 INFO  o.s.b.t.c.SpringBootTestContextBootstrapper.getTestExecutionListeners: Using TestExecutionListeners: [org.springframework.test.context.web.ServletTestExecutionListener@4f876114, org.springframework.test.context.support.DirtiesContextBeforeModesTestExecutionListener@52d625bd, org.springframework.test.context.event.ApplicationEventsTestExecutionListener@608448e7, org.springframework.boot.test.mock.mockito.MockitoTestExecutionListener@3bd7829b, org.springframework.boot.test.autoconfigure.SpringBootDependencyInjectionTestExecutionListener@4faccb34, org.springframework.test.context.support.DirtiesContextTestExecutionListener@2cb4e4b1, org.springframework.test.context.event.EventPublishingTestExecutionListener@6e3552b0, org.springframework.boot.test.autoconfigure.restdocs.RestDocsTestExecutionListener@6971c6b7, org.springframework.boot.test.autoconfigure.web.client.MockRestServiceServerResetTestExecutionListener@402d45c6, org.springframework.boot.test.autoconfigure.web.servlet.MockMvcPrintOnlyOnFailureTestExecutionListener@4b37b01e, org.springframework.boot.test.autoconfigure.web.servlet.WebDriverTestExecutionListener@f53db1a, org.springframework.boot.test.autoconfigure.webservices.client.MockWebServiceServerTestExecutionListener@6870e039, org.springframework.boot.test.mock.mockito.ResetMocksTestExecutionListener@42599b84]
00-00-40000 [ ] 23264 ERROR com.jmp.elastic.service.EventService.checkIfEventExists: Event with id f1b7a2e8-f96b-4eb3-9007-c726b820b98d not found
